0 info it worked if it ends with ok
1 verbose cli [ 'node',
1 verbose cli   '/usr/local/bin/npm',
1 verbose cli   'install',
1 verbose cli   'node-pygmentize-bundled',
1 verbose cli   '--save' ]
2 info using npm@1.4.28
3 info using node@v0.10.35
4 warn package.json angularjs-styleguide-ionicapp@1.0.0 No repository field.
5 verbose readDependencies using package.json deps
6 verbose cache add [ 'node-pygmentize-bundled', null ]
7 verbose cache add name=undefined spec="node-pygmentize-bundled" args=["node-pygmentize-bundled",null]
8 verbose parsed url { protocol: null,
8 verbose parsed url   slashes: null,
8 verbose parsed url   auth: null,
8 verbose parsed url   host: null,
8 verbose parsed url   port: null,
8 verbose parsed url   hostname: null,
8 verbose parsed url   hash: null,
8 verbose parsed url   search: null,
8 verbose parsed url   query: null,
8 verbose parsed url   pathname: 'node-pygmentize-bundled',
8 verbose parsed url   path: 'node-pygmentize-bundled',
8 verbose parsed url   href: 'node-pygmentize-bundled' }
9 silly lockFile b27b0c2a-node-pygmentize-bundled node-pygmentize-bundled
10 verbose lock node-pygmentize-bundled /Users/severson/.npm/b27b0c2a-node-pygmentize-bundled.lock
11 silly lockFile b27b0c2a-node-pygmentize-bundled node-pygmentize-bundled
12 silly lockFile b27b0c2a-node-pygmentize-bundled node-pygmentize-bundled
13 verbose addNamed [ 'node-pygmentize-bundled', '' ]
14 verbose addNamed [ null, '*' ]
15 silly lockFile 0f363202-node-pygmentize-bundled node-pygmentize-bundled@
16 verbose lock node-pygmentize-bundled@ /Users/severson/.npm/0f363202-node-pygmentize-bundled.lock
17 silly addNameRange { name: 'node-pygmentize-bundled', range: '*', hasData: false }
18 verbose request where is /node-pygmentize-bundled
19 verbose request registry https://registry.npmjs.org/
20 verbose request id ac815afd0cfba541
21 verbose url raw /node-pygmentize-bundled
22 verbose url resolving [ 'https://registry.npmjs.org/', './node-pygmentize-bundled' ]
23 verbose url resolved https://registry.npmjs.org/node-pygmentize-bundled
24 verbose request where is https://registry.npmjs.org/node-pygmentize-bundled
25 info trying registry request attempt 1 at 18:05:45
26 http GET https://registry.npmjs.org/node-pygmentize-bundled
27 http 404 https://registry.npmjs.org/node-pygmentize-bundled
28 verbose headers { date: 'Mon, 26 Jan 2015 00:05:46 GMT',
28 verbose headers   server: 'CouchDB/1.5.0 (Erlang OTP/R16B03)',
28 verbose headers   'content-type': 'application/json',
28 verbose headers   'cache-control': 'max-age=0',
28 verbose headers   'content-length': '52',
28 verbose headers   'accept-ranges': 'bytes',
28 verbose headers   via: '1.1 varnish',
28 verbose headers   age: '0',
28 verbose headers   'x-served-by': 'cache-dfw1832-DFW',
28 verbose headers   'x-cache': 'MISS',
28 verbose headers   'x-cache-hits': '0',
28 verbose headers   'x-timer': 'S1422230745.556587,VS0,VE1051',
28 verbose headers   'keep-alive': 'timeout=10, max=50',
28 verbose headers   connection: 'Keep-Alive' }
29 silly registry.get cb [ 404,
29 silly registry.get   { date: 'Mon, 26 Jan 2015 00:05:46 GMT',
29 silly registry.get     server: 'CouchDB/1.5.0 (Erlang OTP/R16B03)',
29 silly registry.get     'content-type': 'application/json',
29 silly registry.get     'cache-control': 'max-age=0',
29 silly registry.get     'content-length': '52',
29 silly registry.get     'accept-ranges': 'bytes',
29 silly registry.get     via: '1.1 varnish',
29 silly registry.get     age: '0',
29 silly registry.get     'x-served-by': 'cache-dfw1832-DFW',
29 silly registry.get     'x-cache': 'MISS',
29 silly registry.get     'x-cache-hits': '0',
29 silly registry.get     'x-timer': 'S1422230745.556587,VS0,VE1051',
29 silly registry.get     'keep-alive': 'timeout=10, max=50',
29 silly registry.get     connection: 'Keep-Alive' } ]
30 silly lockFile 0f363202-node-pygmentize-bundled node-pygmentize-bundled@
31 silly lockFile 0f363202-node-pygmentize-bundled node-pygmentize-bundled@
32 error 404 404 Not Found: node-pygmentize-bundled
32 error 404
32 error 404 'node-pygmentize-bundled' is not in the npm registry.
32 error 404 You should bug the author to publish it
32 error 404 It was specified as a dependency of 'angularjs-styleguide-ionicapp'
32 error 404
32 error 404 Maybe try 'npm search pygmentize bundled'
32 error 404
32 error 404 Note that you can also install from a
32 error 404 tarball, folder, or http url, or git url.
33 error System Darwin 14.0.0
34 error command "node" "/usr/local/bin/npm" "install" "node-pygmentize-bundled" "--save"
35 error cwd /Users/severson/Projects/IonicProject/AngularJS-StyleGuide-IonicApp
36 error node -v v0.10.35
37 error npm -v 1.4.28
38 error code E404
39 verbose exit [ 1, true ]
